<?xml version="1.0" encoding="UTF-8"?>
<coverage generated="1556465909918" clover="3.2.0">
  <project timestamp="1556465909918" name="All files">
    <metrics statements="19" coveredstatements="19" conditionals="12" coveredconditionals="6" methods="4" coveredmethods="4" elements="35" coveredelements="29" complexity="0" loc="19" ncloc="19" packages="2" files="3" classes="3"/>
    <package name="grid">
      <metrics statements="15" coveredstatements="15" conditionals="12" coveredconditionals="6" methods="3" coveredmethods="3"/>
      <file name="index.jsx" path="/home/jpg/Workspace/Dextra/hamburgueria-client/app/components/grid/index.jsx">
        <metrics statements="6" coveredstatements="6" conditionals="0" coveredconditionals="0" methods="1" coveredmethods="1"/>
        <line num="8" count="1" type="stmt"/>
        <line num="16" count="1" type="stmt"/>
        <line num="17" count="1" type="stmt"/>
        <line num="29" count="1" type="stmt"/>
        <line num="37" count="1" type="stmt"/>
        <line num="53" count="1" type="stmt"/>
      </file>
      <file name="utilities.js" path="/home/jpg/Workspace/Dextra/hamburgueria-client/app/components/grid/utilities.js">
        <metrics statements="9" coveredstatements="9" conditionals="12" coveredconditionals="6" methods="2" coveredmethods="2"/>
        <line num="1" count="2" type="stmt"/>
        <line num="7" count="2" type="stmt"/>
        <line num="16" count="2" type="stmt"/>
        <line num="23" count="4" type="stmt"/>
        <line num="28" count="4" type="cond" truecount="1" falsecount="1"/>
        <line num="29" count="4" type="stmt"/>
        <line num="35" count="4" type="cond" truecount="1" falsecount="1"/>
        <line num="36" count="4" type="stmt"/>
        <line num="42" count="4" type="stmt"/>
      </file>
    </package>
    <package name="grid.cell">
      <metrics statements="4" coveredstatements="4" conditionals="0" coveredconditionals="0" methods="1" coveredmethods="1"/>
      <file name="index.jsx" path="/home/jpg/Workspace/Dextra/hamburgueria-client/app/components/grid/cell/index.jsx">
        <metrics statements="4" coveredstatements="4" conditionals="0" coveredconditionals="0" methods="1" coveredmethods="1"/>
        <line num="6" count="1" type="stmt"/>
        <line num="14" count="2" type="stmt"/>
        <line num="28" count="1" type="stmt"/>
        <line num="36" count="1" type="stmt"/>
      </file>
    </package>
  </project>
</coverage>
