{"/home/jpg/Workspace/Dextra/hamburgueria-client/app/storeConfig.jsx": {"path":"/home/jpg/Workspace/Dextra/hamburgueria-client/app/storeConfig.jsx","statementMap":{"0":{"start":{"line":6,"column":23},"end":{"line":6,"column":45}},"1":{"start":{"line":9,"column":25},"end":{"line":9,"column":79}},"2":{"start":{"line":13,"column":16},"end":{"line":21,"column":3}},"3":{"start":{"line":22,"column":2},"end":{"line":22,"column":15}}},"fnMap":{"0":{"name":"configureStore","decl":{"start":{"line":12,"column":24},"end":{"line":12,"column":38}},"loc":{"start":{"line":12,"column":55},"end":{"line":23,"column":1}},"line":12}},"branchMap":{"0":{"loc":{"start":{"line":9,"column":25},"end":{"line":9,"column":79}},"type":"binary-expr","locations":[{"start":{"line":9,"column":25},"end":{"line":9,"column":68}},{"start":{"line":9,"column":72},"end":{"line":9,"column":79}}],"line":9}},"s":{"0":1,"1":1,"2":1,"3":1},"f":{"0":1},"b":{"0":[1,1]},"_coverageSchema":"43e27e138ebf9cfc5966b082cf9a028302ed4184","hash":"d37b417ee3fa4dbd99d5a217e43c9296c6fb4989"}
,"/home/jpg/Workspace/Dextra/hamburgueria-client/app/components/grid/index.jsx": {"path":"/home/jpg/Workspace/Dextra/hamburgueria-client/app/components/grid/index.jsx","statementMap":{"0":{"start":{"line":8,"column":13},"end":{"line":27,"column":1}},"1":{"start":{"line":16,"column":6},"end":{"line":16,"column":11}},"2":{"start":{"line":17,"column":2},"end":{"line":26,"column":4}},"3":{"start":{"line":29,"column":0},"end":{"line":35,"column":2}},"4":{"start":{"line":37,"column":0},"end":{"line":50,"column":2}},"5":{"start":{"line":52,"column":0},"end":{"line":52,"column":21}}},"fnMap":{"0":{"name":"(anonymous_0)","decl":{"start":{"line":8,"column":13},"end":{"line":8,"column":14}},"loc":{"start":{"line":8,"column":24},"end":{"line":27,"column":1}},"line":8}},"branchMap":{},"s":{"0":2,"1":2,"2":2,"3":2,"4":2,"5":2},"f":{"0":2},"b":{},"_coverageSchema":"43e27e138ebf9cfc5966b082cf9a028302ed4184","hash":"e1432fd8176b6629cbf1f656c14d4b82784f7e64"}
,"/home/jpg/Workspace/Dextra/hamburgueria-client/app/components/grid/utilities.js": {"path":"/home/jpg/Workspace/Dextra/hamburgueria-client/app/components/grid/utilities.js","statementMap":{"0":{"start":{"line":1,"column":30},"end":{"line":14,"column":2}},"1":{"start":{"line":7,"column":7},"end":{"line":14,"column":1}},"2":{"start":{"line":16,"column":30},"end":{"line":43,"column":1}},"3":{"start":{"line":23,"column":18},"end":{"line":26,"column":3}},"4":{"start":{"line":28,"column":2},"end":{"line":33,"column":3}},"5":{"start":{"line":29,"column":4},"end":{"line":32,"column":6}},"6":{"start":{"line":35,"column":2},"end":{"line":40,"column":3}},"7":{"start":{"line":36,"column":4},"end":{"line":39,"column":6}},"8":{"start":{"line":42,"column":2},"end":{"line":42,"column":19}}},"fnMap":{"0":{"name":"(anonymous_0)","decl":{"start":{"line":1,"column":30},"end":{"line":1,"column":31}},"loc":{"start":{"line":7,"column":7},"end":{"line":14,"column":1}},"line":7},"1":{"name":"(anonymous_1)","decl":{"start":{"line":16,"column":30},"end":{"line":16,"column":31}},"loc":{"start":{"line":22,"column":6},"end":{"line":43,"column":1}},"line":22}},"branchMap":{"0":{"loc":{"start":{"line":2,"column":2},"end":{"line":2,"column":15}},"type":"default-arg","locations":[{"start":{"line":2,"column":9},"end":{"line":2,"column":15}}],"line":2},"1":{"loc":{"start":{"line":3,"column":2},"end":{"line":3,"column":18}},"type":"default-arg","locations":[{"start":{"line":3,"column":12},"end":{"line":3,"column":18}}],"line":3},"2":{"loc":{"start":{"line":5,"column":2},"end":{"line":5,"column":16}},"type":"default-arg","locations":[{"start":{"line":5,"column":11},"end":{"line":5,"column":16}}],"line":5},"3":{"loc":{"start":{"line":6,"column":2},"end":{"line":6,"column":16}},"type":"default-arg","locations":[{"start":{"line":6,"column":11},"end":{"line":6,"column":16}}],"line":6},"4":{"loc":{"start":{"line":28,"column":2},"end":{"line":33,"column":3}},"type":"if","locations":[{"start":{"line":28,"column":2},"end":{"line":33,"column":3}},{"start":{"line":28,"column":2},"end":{"line":33,"column":3}}],"line":28},"5":{"loc":{"start":{"line":31,"column":18},"end":{"line":31,"column":72}},"type":"cond-expr","locations":[{"start":{"line":31,"column":31},"end":{"line":31,"column":63}},{"start":{"line":31,"column":66},"end":{"line":31,"column":72}}],"line":31},"6":{"loc":{"start":{"line":35,"column":2},"end":{"line":40,"column":3}},"type":"if","locations":[{"start":{"line":35,"column":2},"end":{"line":40,"column":3}},{"start":{"line":35,"column":2},"end":{"line":40,"column":3}}],"line":35},"7":{"loc":{"start":{"line":38,"column":15},"end":{"line":38,"column":57}},"type":"cond-expr","locations":[{"start":{"line":38,"column":25},"end":{"line":38,"column":51}},{"start":{"line":38,"column":54},"end":{"line":38,"column":57}}],"line":38}},"s":{"0":3,"1":3,"2":3,"3":6,"4":6,"5":6,"6":6,"7":6,"8":6},"f":{"0":3,"1":6},"b":{"0":[0],"1":[0],"2":[0],"3":[0],"4":[6,0],"5":[1,5],"6":[6,0],"7":[1,5]},"_coverageSchema":"43e27e138ebf9cfc5966b082cf9a028302ed4184","hash":"ad7ba9ee8d5fd7d44388f45f3be9ea50560b9d37"}
,"/home/jpg/Workspace/Dextra/hamburgueria-client/app/components/grid/cell/index.jsx": {"path":"/home/jpg/Workspace/Dextra/hamburgueria-client/app/components/grid/cell/index.jsx","statementMap":{"0":{"start":{"line":6,"column":13},"end":{"line":26,"column":1}},"1":{"start":{"line":14,"column":2},"end":{"line":25,"column":8}},"2":{"start":{"line":28,"column":0},"end":{"line":34,"column":2}},"3":{"start":{"line":36,"column":0},"end":{"line":49,"column":2}}},"fnMap":{"0":{"name":"(anonymous_0)","decl":{"start":{"line":6,"column":13},"end":{"line":6,"column":14}},"loc":{"start":{"line":14,"column":2},"end":{"line":25,"column":8}},"line":14}},"branchMap":{},"s":{"0":2,"1":4,"2":2,"3":2},"f":{"0":4},"b":{},"_coverageSchema":"43e27e138ebf9cfc5966b082cf9a028302ed4184","hash":"c7edb0f054b51cace1771b6883d278755682982e"}
,"/home/jpg/Workspace/Dextra/hamburgueria-client/app/components/header/index.jsx": {"path":"/home/jpg/Workspace/Dextra/hamburgueria-client/app/components/header/index.jsx","statementMap":{"0":{"start":{"line":14,"column":15},"end":{"line":26,"column":1}},"1":{"start":{"line":15,"column":2},"end":{"line":25,"column":9}},"2":{"start":{"line":28,"column":0},"end":{"line":30,"column":2}},"3":{"start":{"line":32,"column":24},"end":{"line":34,"column":2}},"4":{"start":{"line":32,"column":34},"end":{"line":34,"column":1}}},"fnMap":{"0":{"name":"(anonymous_0)","decl":{"start":{"line":14,"column":15},"end":{"line":14,"column":16}},"loc":{"start":{"line":15,"column":2},"end":{"line":25,"column":9}},"line":15},"1":{"name":"(anonymous_1)","decl":{"start":{"line":32,"column":24},"end":{"line":32,"column":25}},"loc":{"start":{"line":32,"column":34},"end":{"line":34,"column":1}},"line":32}},"branchMap":{},"s":{"0":1,"1":1,"2":1,"3":1,"4":1},"f":{"0":1,"1":1},"b":{},"_coverageSchema":"43e27e138ebf9cfc5966b082cf9a028302ed4184","hash":"5b390aab942548995486c56742261dd8cdd801bc"}
,"/home/jpg/Workspace/Dextra/hamburgueria-client/app/components/header/style.js": {"path":"/home/jpg/Workspace/Dextra/hamburgueria-client/app/components/header/style.js","statementMap":{"0":{"start":{"line":1,"column":25},"end":{"line":4,"column":1}},"1":{"start":{"line":6,"column":20},"end":{"line":8,"column":1}},"2":{"start":{"line":10,"column":21},"end":{"line":14,"column":1}},"3":{"start":{"line":16,"column":24},"end":{"line":19,"column":1}}},"fnMap":{},"branchMap":{},"s":{"0":1,"1":1,"2":1,"3":1},"f":{},"b":{},"_coverageSchema":"43e27e138ebf9cfc5966b082cf9a028302ed4184","hash":"70abba98473779db59313944a2e9dfed867051d2"}
,"/home/jpg/Workspace/Dextra/hamburgueria-client/app/components/header/utilities.js": {"path":"/home/jpg/Workspace/Dextra/hamburgueria-client/app/components/header/utilities.js","statementMap":{"0":{"start":{"line":6,"column":30},"end":{"line":15,"column":1}},"1":{"start":{"line":7,"column":2},"end":{"line":14,"column":3}},"2":{"start":{"line":9,"column":6},"end":{"line":9,"column":37}},"3":{"start":{"line":11,"column":6},"end":{"line":11,"column":54}},"4":{"start":{"line":13,"column":6},"end":{"line":13,"column":16}}},"fnMap":{"0":{"name":"(anonymous_0)","decl":{"start":{"line":6,"column":30},"end":{"line":6,"column":31}},"loc":{"start":{"line":6,"column":47},"end":{"line":15,"column":1}},"line":6}},"branchMap":{"0":{"loc":{"start":{"line":7,"column":2},"end":{"line":14,"column":3}},"type":"switch","locations":[{"start":{"line":8,"column":4},"end":{"line":9,"column":37}},{"start":{"line":10,"column":4},"end":{"line":11,"column":54}},{"start":{"line":12,"column":4},"end":{"line":13,"column":16}}],"line":7}},"s":{"0":2,"1":4,"2":1,"3":2,"4":1},"f":{"0":4},"b":{"0":[1,2,1]},"_coverageSchema":"43e27e138ebf9cfc5966b082cf9a028302ed4184","hash":"65ad1c09f875e4067103de096c8a0d2b27a1e8a2"}
,"/home/jpg/Workspace/Dextra/hamburgueria-client/app/components/header/images/burger.jsx": {"path":"/home/jpg/Workspace/Dextra/hamburgueria-client/app/components/header/images/burger.jsx","statementMap":{"0":{"start":{"line":3,"column":15},"end":{"line":92,"column":1}},"1":{"start":{"line":4,"column":2},"end":{"line":91,"column":8}}},"fnMap":{"0":{"name":"(anonymous_0)","decl":{"start":{"line":3,"column":15},"end":{"line":3,"column":16}},"loc":{"start":{"line":4,"column":2},"end":{"line":91,"column":8}},"line":4}},"branchMap":{},"s":{"0":1,"1":1},"f":{"0":1},"b":{},"_coverageSchema":"43e27e138ebf9cfc5966b082cf9a028302ed4184","hash":"05018a8bda24d3d5a69512886ea215e55993e333"}
,"/home/jpg/Workspace/Dextra/hamburgueria-client/app/constants/routes.js": {"path":"/home/jpg/Workspace/Dextra/hamburgueria-client/app/constants/routes.js","statementMap":{"0":{"start":{"line":1,"column":28},"end":{"line":1,"column":43}},"1":{"start":{"line":3,"column":25},"end":{"line":3,"column":28}}},"fnMap":{},"branchMap":{},"s":{"0":2,"1":2},"f":{},"b":{},"_coverageSchema":"43e27e138ebf9cfc5966b082cf9a028302ed4184","hash":"0005dbbaf49b7c23de7fca7fd72024b7f477bdb6"}
,"/home/jpg/Workspace/Dextra/hamburgueria-client/app/state/index.jsx": {"path":"/home/jpg/Workspace/Dextra/hamburgueria-client/app/state/index.jsx","statementMap":{"0":{"start":{"line":4,"column":20},"end":{"line":9,"column":1}},"1":{"start":{"line":5,"column":2},"end":{"line":8,"column":3}},"2":{"start":{"line":7,"column":6},"end":{"line":7,"column":19}},"3":{"start":{"line":11,"column":26},"end":{"line":14,"column":2}}},"fnMap":{"0":{"name":"(anonymous_0)","decl":{"start":{"line":4,"column":20},"end":{"line":4,"column":21}},"loc":{"start":{"line":4,"column":44},"end":{"line":9,"column":1}},"line":4},"1":{"name":"(anonymous_1)","decl":{"start":{"line":11,"column":15},"end":{"line":11,"column":16}},"loc":{"start":{"line":11,"column":26},"end":{"line":14,"column":2}},"line":11}},"branchMap":{"0":{"loc":{"start":{"line":4,"column":21},"end":{"line":4,"column":31}},"type":"default-arg","locations":[{"start":{"line":4,"column":29},"end":{"line":4,"column":31}}],"line":4},"1":{"loc":{"start":{"line":5,"column":2},"end":{"line":8,"column":3}},"type":"switch","locations":[{"start":{"line":6,"column":4},"end":{"line":7,"column":19}}],"line":5}},"s":{"0":1,"1":3,"2":3,"3":1},"f":{"0":3,"1":1},"b":{"0":[3],"1":[3]},"_coverageSchema":"43e27e138ebf9cfc5966b082cf9a028302ed4184","hash":"aa4e93f307aa5bf5cf478e4a887aa1d2bae3acc5"}
,"/home/jpg/Workspace/Dextra/hamburgueria-client/app/state/selectors.jsx": {"path":"/home/jpg/Workspace/Dextra/hamburgueria-client/app/state/selectors.jsx","statementMap":{"0":{"start":{"line":2,"column":35},"end":{"line":4,"column":1}},"1":{"start":{"line":3,"column":2},"end":{"line":3,"column":32}}},"fnMap":{"0":{"name":"(anonymous_0)","decl":{"start":{"line":2,"column":35},"end":{"line":2,"column":36}},"loc":{"start":{"line":3,"column":2},"end":{"line":3,"column":32}},"line":3}},"branchMap":{},"s":{"0":1,"1":1},"f":{"0":1},"b":{},"_coverageSchema":"43e27e138ebf9cfc5966b082cf9a028302ed4184","hash":"28f2dd8c4a430141c284b6811e2a7f38622c793d"}
}
