{"/home/jpg/Workspace/Dextra/hamburgueria-client/app/components/grid/index.jsx": {"path":"/home/jpg/Workspace/Dextra/hamburgueria-client/app/components/grid/index.jsx","statementMap":{"0":{"start":{"line":8,"column":13},"end":{"line":27,"column":1}},"1":{"start":{"line":16,"column":6},"end":{"line":16,"column":11}},"2":{"start":{"line":17,"column":2},"end":{"line":26,"column":4}},"3":{"start":{"line":29,"column":0},"end":{"line":35,"column":2}},"4":{"start":{"line":37,"column":0},"end":{"line":51,"column":2}},"5":{"start":{"line":53,"column":0},"end":{"line":53,"column":21}}},"fnMap":{"0":{"name":"(anonymous_0)","decl":{"start":{"line":8,"column":13},"end":{"line":8,"column":14}},"loc":{"start":{"line":8,"column":24},"end":{"line":27,"column":1}},"line":8}},"branchMap":{},"s":{"0":1,"1":1,"2":1,"3":1,"4":1,"5":1},"f":{"0":1},"b":{},"_coverageSchema":"43e27e138ebf9cfc5966b082cf9a028302ed4184","hash":"a3d89f941ddf85e821ad3c46a1a7fefdb501c1d6"}
,"/home/jpg/Workspace/Dextra/hamburgueria-client/app/components/grid/utilities.js": {"path":"/home/jpg/Workspace/Dextra/hamburgueria-client/app/components/grid/utilities.js","statementMap":{"0":{"start":{"line":1,"column":30},"end":{"line":14,"column":2}},"1":{"start":{"line":7,"column":7},"end":{"line":14,"column":1}},"2":{"start":{"line":16,"column":30},"end":{"line":43,"column":1}},"3":{"start":{"line":23,"column":18},"end":{"line":26,"column":3}},"4":{"start":{"line":28,"column":2},"end":{"line":33,"column":3}},"5":{"start":{"line":29,"column":4},"end":{"line":32,"column":6}},"6":{"start":{"line":35,"column":2},"end":{"line":40,"column":3}},"7":{"start":{"line":36,"column":4},"end":{"line":39,"column":6}},"8":{"start":{"line":42,"column":2},"end":{"line":42,"column":19}}},"fnMap":{"0":{"name":"(anonymous_0)","decl":{"start":{"line":1,"column":30},"end":{"line":1,"column":31}},"loc":{"start":{"line":7,"column":7},"end":{"line":14,"column":1}},"line":7},"1":{"name":"(anonymous_1)","decl":{"start":{"line":16,"column":30},"end":{"line":16,"column":31}},"loc":{"start":{"line":22,"column":6},"end":{"line":43,"column":1}},"line":22}},"branchMap":{"0":{"loc":{"start":{"line":2,"column":2},"end":{"line":2,"column":15}},"type":"default-arg","locations":[{"start":{"line":2,"column":9},"end":{"line":2,"column":15}}],"line":2},"1":{"loc":{"start":{"line":3,"column":2},"end":{"line":3,"column":18}},"type":"default-arg","locations":[{"start":{"line":3,"column":12},"end":{"line":3,"column":18}}],"line":3},"2":{"loc":{"start":{"line":5,"column":2},"end":{"line":5,"column":16}},"type":"default-arg","locations":[{"start":{"line":5,"column":11},"end":{"line":5,"column":16}}],"line":5},"3":{"loc":{"start":{"line":6,"column":2},"end":{"line":6,"column":16}},"type":"default-arg","locations":[{"start":{"line":6,"column":11},"end":{"line":6,"column":16}}],"line":6},"4":{"loc":{"start":{"line":28,"column":2},"end":{"line":33,"column":3}},"type":"if","locations":[{"start":{"line":28,"column":2},"end":{"line":33,"column":3}},{"start":{"line":28,"column":2},"end":{"line":33,"column":3}}],"line":28},"5":{"loc":{"start":{"line":31,"column":18},"end":{"line":31,"column":72}},"type":"cond-expr","locations":[{"start":{"line":31,"column":31},"end":{"line":31,"column":63}},{"start":{"line":31,"column":66},"end":{"line":31,"column":72}}],"line":31},"6":{"loc":{"start":{"line":35,"column":2},"end":{"line":40,"column":3}},"type":"if","locations":[{"start":{"line":35,"column":2},"end":{"line":40,"column":3}},{"start":{"line":35,"column":2},"end":{"line":40,"column":3}}],"line":35},"7":{"loc":{"start":{"line":38,"column":15},"end":{"line":38,"column":57}},"type":"cond-expr","locations":[{"start":{"line":38,"column":25},"end":{"line":38,"column":51}},{"start":{"line":38,"column":54},"end":{"line":38,"column":57}}],"line":38}},"s":{"0":2,"1":2,"2":2,"3":4,"4":4,"5":4,"6":4,"7":4,"8":4},"f":{"0":2,"1":4},"b":{"0":[0],"1":[0],"2":[0],"3":[0],"4":[4,0],"5":[1,3],"6":[4,0],"7":[1,3]},"_coverageSchema":"43e27e138ebf9cfc5966b082cf9a028302ed4184","hash":"ad7ba9ee8d5fd7d44388f45f3be9ea50560b9d37"}
,"/home/jpg/Workspace/Dextra/hamburgueria-client/app/components/grid/cell/index.jsx": {"path":"/home/jpg/Workspace/Dextra/hamburgueria-client/app/components/grid/cell/index.jsx","statementMap":{"0":{"start":{"line":6,"column":13},"end":{"line":26,"column":1}},"1":{"start":{"line":14,"column":2},"end":{"line":25,"column":8}},"2":{"start":{"line":28,"column":0},"end":{"line":34,"column":2}},"3":{"start":{"line":36,"column":0},"end":{"line":49,"column":2}}},"fnMap":{"0":{"name":"(anonymous_0)","decl":{"start":{"line":6,"column":13},"end":{"line":6,"column":14}},"loc":{"start":{"line":14,"column":2},"end":{"line":25,"column":8}},"line":14}},"branchMap":{},"s":{"0":1,"1":2,"2":1,"3":1},"f":{"0":2},"b":{},"_coverageSchema":"43e27e138ebf9cfc5966b082cf9a028302ed4184","hash":"c7edb0f054b51cace1771b6883d278755682982e"}
}
