TN:
SF:/home/jpg/Workspace/Dextra/hamburgueria-client/app/storeConfig.jsx
FN:19,configureStore
FNF:1
FNH:1
FNDA:1,configureStore
DA:11,1
DA:13,1
DA:16,1
DA:20,1
DA:31,1
DA:32,1
LF:6
LH:6
BRDA:16,0,0,1
BRDA:16,0,1,1
BRF:2
BRH:2
end_of_record
TN:
SF:/home/jpg/Workspace/Dextra/hamburgueria-client/app/api/index.js
FN:3,fetchMenu
FN:7,(anonymous_1)
FN:8,(anonymous_2)
FN:11,fetchRules
FN:15,(anonymous_4)
FN:16,(anonymous_5)
FNF:6
FNH:6
FNDA:1,fetchMenu
FNDA:1,(anonymous_1)
FNDA:1,(anonymous_2)
FNDA:1,fetchRules
FNDA:1,(anonymous_4)
FNDA:1,(anonymous_5)
DA:1,4
DA:4,1
DA:7,1
DA:8,1
DA:12,1
DA:15,1
DA:16,1
LF:7
LH:7
BRF:0
BRH:0
end_of_record
TN:
SF:/home/jpg/Workspace/Dextra/hamburgueria-client/app/components/grid/index.jsx
FN:8,(anonymous_0)
FNF:1
FNH:1
FNDA:5,(anonymous_0)
DA:8,5
DA:16,5
DA:17,5
DA:29,5
DA:37,5
DA:52,5
LF:6
LH:6
BRF:0
BRH:0
end_of_record
TN:
SF:/home/jpg/Workspace/Dextra/hamburgueria-client/app/components/grid/utilities.js
FN:1,(anonymous_0)
FN:16,(anonymous_1)
FNF:2
FNH:2
FNDA:6,(anonymous_0)
FNDA:11,(anonymous_1)
DA:1,6
DA:7,6
DA:16,6
DA:23,11
DA:28,11
DA:29,11
DA:35,11
DA:36,11
DA:42,11
LF:9
LH:9
BRDA:2,0,0,0
BRDA:3,1,0,0
BRDA:5,2,0,0
BRDA:6,3,0,0
BRDA:28,4,0,11
BRDA:28,4,1,0
BRDA:31,5,0,1
BRDA:31,5,1,10
BRDA:35,6,0,11
BRDA:35,6,1,0
BRDA:38,7,0,1
BRDA:38,7,1,10
BRF:12
BRH:6
end_of_record
TN:
SF:/home/jpg/Workspace/Dextra/hamburgueria-client/app/components/grid/cell/index.jsx
FN:6,(anonymous_0)
FNF:1
FNH:1
FNDA:9,(anonymous_0)
DA:6,5
DA:14,9
DA:28,5
DA:36,5
LF:4
LH:4
BRF:0
BRH:0
end_of_record
TN:
SF:/home/jpg/Workspace/Dextra/hamburgueria-client/app/components/header/index.jsx
FN:14,(anonymous_0)
FN:32,(anonymous_1)
FNF:2
FNH:2
FNDA:1,(anonymous_0)
FNDA:1,(anonymous_1)
DA:14,1
DA:15,1
DA:28,1
DA:32,1
LF:4
LH:4
BRF:0
BRH:0
end_of_record
TN:
SF:/home/jpg/Workspace/Dextra/hamburgueria-client/app/components/header/style.js
FNF:0
FNH:0
DA:1,1
DA:6,1
DA:10,1
DA:16,1
LF:4
LH:4
BRF:0
BRH:0
end_of_record
TN:
SF:/home/jpg/Workspace/Dextra/hamburgueria-client/app/components/header/utilities.js
FN:6,(anonymous_0)
FNF:1
FNH:1
FNDA:7,(anonymous_0)
DA:6,3
DA:7,7
DA:9,2
DA:11,3
DA:13,2
LF:5
LH:5
BRDA:7,0,0,2
BRDA:7,0,1,3
BRDA:7,0,2,2
BRF:3
BRH:3
end_of_record
TN:
SF:/home/jpg/Workspace/Dextra/hamburgueria-client/app/components/header/images/burger.jsx
FN:3,(anonymous_0)
FNF:1
FNH:1
FNDA:1,(anonymous_0)
DA:3,1
DA:4,1
LF:2
LH:2
BRF:0
BRH:0
end_of_record
TN:
SF:/home/jpg/Workspace/Dextra/hamburgueria-client/app/components/titleContainer/index.jsx
FN:8,(anonymous_0)
FN:30,(anonymous_1)
FNF:2
FNH:1
FNDA:1,(anonymous_0)
FNDA:0,(anonymous_1)
DA:8,1
DA:11,1
DA:27,1
DA:34,1
LF:4
LH:4
BRF:0
BRH:0
end_of_record
TN:
SF:/home/jpg/Workspace/Dextra/hamburgueria-client/app/components/titleContainer/style.js
FNF:0
FNH:0
DA:1,1
DA:6,1
DA:11,1
DA:20,1
LF:4
LH:4
BRF:0
BRH:0
end_of_record
TN:
SF:/home/jpg/Workspace/Dextra/hamburgueria-client/app/constants/routes.js
FNF:0
FNH:0
DA:1,3
DA:3,3
LF:2
LH:2
BRF:0
BRH:0
end_of_record
TN:
SF:/home/jpg/Workspace/Dextra/hamburgueria-client/app/pages/foodMenu/components/menuItems/menuItem/index.jsx
FN:11,(anonymous_0)
FN:12,(anonymous_1)
FN:24,(anonymous_2)
FNF:3
FNH:3
FNDA:4,(anonymous_0)
FNDA:7,(anonymous_1)
FNDA:1,(anonymous_2)
DA:11,2
DA:12,4
DA:13,7
DA:14,4
DA:17,3
DA:18,2
DA:20,1
DA:24,2
DA:25,1
DA:50,2
DA:55,2
LF:11
LH:11
BRDA:13,0,0,4
BRDA:13,0,1,3
BRDA:13,1,0,7
BRDA:13,1,1,5
BRDA:17,2,0,2
BRDA:17,2,1,1
BRF:6
BRH:6
end_of_record
TN:
SF:/home/jpg/Workspace/Dextra/hamburgueria-client/app/pages/foodMenu/components/menuItems/menuItem/style.js
FNF:0
FNH:0
DA:1,2
DA:6,2
DA:10,2
DA:15,2
DA:19,2
DA:23,2
LF:6
LH:6
BRF:0
BRH:0
end_of_record
TN:
SF:/home/jpg/Workspace/Dextra/hamburgueria-client/app/state/index.jsx
FN:7,(anonymous_0)
FNF:1
FNH:1
FNDA:1,(anonymous_0)
DA:7,1
LF:1
LH:1
BRF:0
BRH:0
end_of_record
TN:
SF:/home/jpg/Workspace/Dextra/hamburgueria-client/app/state/sagas.jsx
FN:6,watchRootSagas
FNF:1
FNH:1
FNDA:1,watchRootSagas
DA:7,1
LF:1
LH:1
BRF:0
BRH:0
end_of_record
TN:
SF:/home/jpg/Workspace/Dextra/hamburgueria-client/app/state/selectors.jsx
FN:2,(anonymous_0)
FNF:1
FNH:1
FNDA:1,(anonymous_0)
DA:2,1
DA:3,1
LF:2
LH:2
BRF:0
BRH:0
end_of_record
TN:
SF:/home/jpg/Workspace/Dextra/hamburgueria-client/app/state/menu/actions.jsx
FN:5,(anonymous_0)
FN:9,(anonymous_1)
FN:14,(anonymous_2)
FNF:3
FNH:3
FNDA:1,(anonymous_0)
FNDA:3,(anonymous_1)
FNDA:3,(anonymous_2)
DA:1,4
DA:2,4
DA:3,4
DA:5,4
DA:9,4
DA:14,4
LF:6
LH:6
BRF:0
BRH:0
end_of_record
TN:
SF:/home/jpg/Workspace/Dextra/hamburgueria-client/app/state/menu/reducers.jsx
FN:11,menuReducer
FNF:1
FNH:1
FNDA:7,menuReducer
DA:5,2
DA:12,7
DA:14,1
DA:20,1
DA:27,1
DA:33,4
LF:6
LH:6
BRDA:11,0,0,7
BRDA:12,1,0,1
BRDA:12,1,1,1
BRDA:12,1,2,1
BRDA:12,1,3,4
BRF:5
BRH:5
end_of_record
TN:
SF:/home/jpg/Workspace/Dextra/hamburgueria-client/app/state/menu/sagas.jsx
FN:13,fetchMenu
FN:23,watchFetchMenu
FN:27,watchMenuSagas
FNF:3
FNH:3
FNDA:2,fetchMenu
FNDA:1,watchFetchMenu
FNDA:1,watchMenuSagas
DA:14,2
DA:15,2
DA:17,1
DA:19,1
DA:24,1
DA:28,1
LF:6
LH:6
BRF:0
BRH:0
end_of_record
TN:
SF:/home/jpg/Workspace/Dextra/hamburgueria-client/app/state/rules/actions.jsx
FN:5,(anonymous_0)
FN:9,(anonymous_1)
FN:14,(anonymous_2)
FNF:3
FNH:3
FNDA:1,(anonymous_0)
FNDA:3,(anonymous_1)
FNDA:3,(anonymous_2)
DA:1,4
DA:2,4
DA:3,4
DA:5,4
DA:9,4
DA:14,4
LF:6
LH:6
BRF:0
BRH:0
end_of_record
TN:
SF:/home/jpg/Workspace/Dextra/hamburgueria-client/app/state/rules/reducers.jsx
FN:11,rulesReducer
FNF:1
FNH:1
FNDA:7,rulesReducer
DA:5,2
DA:12,7
DA:14,1
DA:20,1
DA:27,1
DA:33,4
LF:6
LH:6
BRDA:11,0,0,7
BRDA:12,1,0,1
BRDA:12,1,1,1
BRDA:12,1,2,1
BRDA:12,1,3,4
BRF:5
BRH:5
end_of_record
TN:
SF:/home/jpg/Workspace/Dextra/hamburgueria-client/app/state/rules/sagas.jsx
FN:13,fetchRules
FN:23,watchFetchRules
FN:27,watchRulesSagas
FNF:3
FNH:3
FNDA:2,fetchRules
FNDA:1,watchFetchRules
FNDA:1,watchRulesSagas
DA:14,2
DA:15,2
DA:17,1
DA:19,1
DA:24,1
DA:28,1
LF:6
LH:6
BRF:0
BRH:0
end_of_record
