TN:
SF:/home/jpg/Workspace/Dextra/hamburgueria-client/app/storeConfig.jsx
FN:12,configureStore
FNF:1
FNH:1
FNDA:1,configureStore
DA:6,1
DA:9,1
DA:13,1
DA:22,1
LF:4
LH:4
BRDA:9,0,0,1
BRDA:9,0,1,1
BRF:2
BRH:2
end_of_record
TN:
SF:/home/jpg/Workspace/Dextra/hamburgueria-client/app/components/grid/index.jsx
FN:8,(anonymous_0)
FNF:1
FNH:1
FNDA:2,(anonymous_0)
DA:8,2
DA:16,2
DA:17,2
DA:29,2
DA:37,2
DA:52,2
LF:6
LH:6
BRF:0
BRH:0
end_of_record
TN:
SF:/home/jpg/Workspace/Dextra/hamburgueria-client/app/components/grid/utilities.js
FN:1,(anonymous_0)
FN:16,(anonymous_1)
FNF:2
FNH:2
FNDA:3,(anonymous_0)
FNDA:6,(anonymous_1)
DA:1,3
DA:7,3
DA:16,3
DA:23,6
DA:28,6
DA:29,6
DA:35,6
DA:36,6
DA:42,6
LF:9
LH:9
BRDA:2,0,0,0
BRDA:3,1,0,0
BRDA:5,2,0,0
BRDA:6,3,0,0
BRDA:28,4,0,6
BRDA:28,4,1,0
BRDA:31,5,0,1
BRDA:31,5,1,5
BRDA:35,6,0,6
BRDA:35,6,1,0
BRDA:38,7,0,1
BRDA:38,7,1,5
BRF:12
BRH:6
end_of_record
TN:
SF:/home/jpg/Workspace/Dextra/hamburgueria-client/app/components/grid/cell/index.jsx
FN:6,(anonymous_0)
FNF:1
FNH:1
FNDA:4,(anonymous_0)
DA:6,2
DA:14,4
DA:28,2
DA:36,2
LF:4
LH:4
BRF:0
BRH:0
end_of_record
TN:
SF:/home/jpg/Workspace/Dextra/hamburgueria-client/app/components/header/index.jsx
FN:14,(anonymous_0)
FN:32,(anonymous_1)
FNF:2
FNH:2
FNDA:1,(anonymous_0)
FNDA:1,(anonymous_1)
DA:14,1
DA:15,1
DA:28,1
DA:32,1
LF:4
LH:4
BRF:0
BRH:0
end_of_record
TN:
SF:/home/jpg/Workspace/Dextra/hamburgueria-client/app/components/header/style.js
FNF:0
FNH:0
DA:1,1
DA:6,1
DA:10,1
DA:16,1
LF:4
LH:4
BRF:0
BRH:0
end_of_record
TN:
SF:/home/jpg/Workspace/Dextra/hamburgueria-client/app/components/header/utilities.js
FN:6,(anonymous_0)
FNF:1
FNH:1
FNDA:4,(anonymous_0)
DA:6,2
DA:7,4
DA:9,1
DA:11,2
DA:13,1
LF:5
LH:5
BRDA:7,0,0,1
BRDA:7,0,1,2
BRDA:7,0,2,1
BRF:3
BRH:3
end_of_record
TN:
SF:/home/jpg/Workspace/Dextra/hamburgueria-client/app/components/header/images/burger.jsx
FN:3,(anonymous_0)
FNF:1
FNH:1
FNDA:1,(anonymous_0)
DA:3,1
DA:4,1
LF:2
LH:2
BRF:0
BRH:0
end_of_record
TN:
SF:/home/jpg/Workspace/Dextra/hamburgueria-client/app/constants/routes.js
FNF:0
FNH:0
DA:1,2
DA:3,2
LF:2
LH:2
BRF:0
BRH:0
end_of_record
TN:
SF:/home/jpg/Workspace/Dextra/hamburgueria-client/app/state/index.jsx
FN:4,(anonymous_0)
FN:11,(anonymous_1)
FNF:2
FNH:2
FNDA:3,(anonymous_0)
FNDA:1,(anonymous_1)
DA:4,1
DA:5,3
DA:7,3
DA:11,1
LF:4
LH:4
BRDA:4,0,0,3
BRDA:5,1,0,3
BRF:2
BRH:2
end_of_record
TN:
SF:/home/jpg/Workspace/Dextra/hamburgueria-client/app/state/selectors.jsx
FN:2,(anonymous_0)
FNF:1
FNH:1
FNDA:1,(anonymous_0)
DA:2,1
DA:3,1
LF:2
LH:2
BRF:0
BRH:0
end_of_record
